<?xml version="1.0" encoding="UTF-8"?>
<!-- Generated by org.testng.reporters.JUnitXMLReporter -->
<testsuite hostname="AC-F1V2ZQ780PX6" ignored="0" name="Surefire test" tests="1" failures="1" timestamp="15 Mar 2021 20:25:32 GMT" time="19.582" errors="0">
  <testcase name="feature" time="18.975" classname="Runner.Runner">
    <failure type="cucumber.runtime.CucumberException" message="java.lang.NullPointerException">
      <![CDATA[cucumber.runtime.CucumberException: java.lang.NullPointerException
at cucumber.api.testng.TestNGCucumberRunner.runCucumber(TestNGCucumberRunner.java:69)
at Runner.Runner.feature(Runner.java:39)
Caused by: java.lang.NullPointerException
at org.openqa.selenium.support.pagefactory.internal.LocatingElementHandler.invoke(LocatingElementHandler.java:51)
at com.sun.proxy.$Proxy14.click(Unknown Source)
at StepDefinitions.GooglePage.clink_on_language_links(GooglePage.java:53)
at ✽.Then clink on language links(GooglePage.feature:7)
... Removed 34 stack frames]]>
    </failure>
  </testcase> <!-- feature -->
</testsuite> <!-- Surefire test -->
