<?xml version="1.0" encoding="UTF-8"?>
<testsuite xmlns:xsi="http://www.w3.org/2001/XMLSchema-instance" xsi:noNamespaceSchemaLocation="https://maven.apache.org/surefire/maven-surefire-plugin/xsd/surefire-test-report.xsd" name="Runner.Runner" time="20.608" tests="1" errors="0" skipped="0" failures="1">
  <properties>
[...]
</properties>
  <testcase name="feature" classname="Runner.Runner" time="19.032">
    <failure message="java.lang.NullPointerException" type="cucumber.runtime.CucumberException">cucumber.runtime.CucumberException: java.lang.NullPointerException
	at Runner.Runner.feature(Runner.java:39)
Caused by: java.lang.NullPointerException
</failure>
    <system-out><![CDATA[Feature: to launch google page
C:\Users\SHARED01\Documents\gitTesting\gitjenkins
2021-03-15 16:25:13 INFO  ReadProperty:58 - deleteFile() :: Failed to delete the file
2021-03-15 16:25:20 INFO  GooglePage:39 - Browser Launched for CHROME

  @test
  Scenario: to launch and validate google page &amp#27;[90m# GooglePage.feature:4&amp#27;[0m
    &amp#27;[32mGiven &amp#27;[0m&amp#27;[32mto launch google page&amp#27;[0m                &amp#27;[90m# GooglePage.to_launch_google_page()&amp#27;[0m
    &amp#27;[31mThen &amp#27;[0m&amp#27;[31mclink on language links&amp#27;[0m               &amp#27;[90m# GooglePage.clink_on_language_links()&amp#27;[0m
      &amp#27;[31mjava.lang.NullPointerException
      	at sun.reflect.NativeMethodAccessorImpl.invoke0(Native Method)
      	at sun.reflect.NativeMethodAccessorImpl.invoke(NativeMethodAccessorImpl.java:62)
      	at sun.reflect.DelegatingMethodAccessorImpl.invoke(DelegatingMethodAccessorImpl.java:43)
      	at java.lang.reflect.Method.invoke(Method.java:498)
      	at org.openqa.selenium.support.pagefactory.internal.LocatingElementHandler.invoke(LocatingElementHandler.java:51)
      	at com.sun.proxy.$Proxy14.click(Unknown Source)
      	at StepDefinitions.GooglePage.clink_on_language_links(GooglePage.java:53)
      	at ?.Then clink on language links(GooglePage.feature:7)
      &amp#27;[0m
]]></system-out>
    <system-err><![CDATA[SLF4J: Failed to load class "org.slf4j.impl.StaticLoggerBinder".
SLF4J: Defaulting to no-operation (NOP) logger implementation
SLF4J: See http://www.slf4j.org/codes.html#StaticLoggerBinder for further details.
Starting ChromeDriver 88.0.4324.96 (68dba2d8a0b149a1d3afac56fa74648032bcf46b-refs/branch-heads/4324@{#1784}) on port 42146
Only local connections are allowed.
Please see https://chromedriver.chromium.org/security-considerations for suggestions on keeping ChromeDriver safe.
ChromeDriver was started successfully.
Mar 15, 2021 4:25:17 PM org.openqa.selenium.remote.ProtocolHandshake createSession
INFO: Detected dialect: W3C
[1615839932.315][SEVERE]: Unable to receive message from renderer
]]></system-err>
  </testcase>
</testsuite>