<?xml version="1.0" encoding="UTF-8"?>
<testng-results skipped="0" failed="0" ignored="0" total="1" passed="1">
  <reporter-output>
  </reporter-output>
  <suite name="Surefire suite" duration-ms="21504" started-at="2021-03-16T11:33:45Z" finished-at="2021-03-16T11:34:07Z">
    <groups>
      <group name="cucumber">
        <method signature="Runner.feature(cucumber.api.testng.CucumberFeatureWrapper)[pri:0, instance:Runner.Runner@5f375618]" name="feature" class="Runner.Runner"/>
      </group> <!-- cucumber -->
    </groups>
    <test name="Surefire test" duration-ms="21504" started-at="2021-03-16T11:33:45Z" finished-at="2021-03-16T11:34:07Z">
      <class name="Runner.Runner">
        <test-method status="PASS" signature="setUpClass()[pri:0, instance:Runner.Runner@5f375618]" name="setUpClass" is-config="true" duration-ms="330" started-at="2021-03-16T11:33:45Z" finished-at="2021-03-16T11:33:46Z">
          <reporter-output>
          </reporter-output>
        </test-method> <!-- setUpClass -->
        <test-method status="PASS" signature="feature(cucumber.api.testng.CucumberFeatureWrapper)[pri:0, instance:Runner.Runner@5f375618]" name="feature" duration-ms="21056" started-at="2021-03-16T11:33:46Z" description="Runs Cucumber Feature" data-provider="features" finished-at="2021-03-16T11:34:07Z">
          <params>
            <param index="0">
              <value>
                <![CDATA[to launch google page]]>
              </value>
            </param>
          </params>
          <reporter-output>
          </reporter-output>
        </test-method> <!-- feature -->
        <test-method status="PASS" signature="tearDownClass()[pri:0, instance:Runner.Runner@5f375618]" name="tearDownClass" is-config="true" duration-ms="14" started-at="2021-03-16T11:34:07Z" finished-at="2021-03-16T11:34:07Z">
          <reporter-output>
          </reporter-output>
        </test-method> <!-- tearDownClass -->
      </class> <!-- Runner.Runner -->
    </test> <!-- Surefire test -->
  </suite> <!-- Surefire suite -->
</testng-results>
